running egg_info
creating ../../build/lab2/lab2.egg-info
writing ../../build/lab2/lab2.egg-info/PKG-INFO
writing dependency_links to ../../build/lab2/lab2.egg-info/dependency_links.txt
writing entry points to ../../build/lab2/lab2.egg-info/entry_points.txt
writing requirements to ../../build/lab2/lab2.egg-info/requires.txt
writing top-level names to ../../build/lab2/lab2.egg-info/top_level.txt
writing manifest file '../../build/lab2/lab2.egg-info/SOURCES.txt'
reading manifest file '../../build/lab2/lab2.egg-info/SOURCES.txt'
writing manifest file '../../build/lab2/lab2.egg-info/SOURCES.txt'
running build
running build_py
creating /lab2/ros_ws/build/lab2/build
creating /lab2/ros_ws/build/lab2/build/lib
creating /lab2/ros_ws/build/lab2/build/lib/lab2
copying lab2/__init__.py -> /lab2/ros_ws/build/lab2/build/lib/lab2
copying lab2/draw_square.py -> /lab2/ros_ws/build/lab2/build/lib/lab2
running install
running install_lib
creating /lab2/ros_ws/install/lab2/lib/python3.10/site-packages/lab2
copying /lab2/ros_ws/build/lab2/build/lib/lab2/__init__.py -> /lab2/ros_ws/install/lab2/lib/python3.10/site-packages/lab2
copying /lab2/ros_ws/build/lab2/build/lib/lab2/draw_square.py -> /lab2/ros_ws/install/lab2/lib/python3.10/site-packages/lab2
byte-compiling /lab2/ros_ws/install/lab2/lib/python3.10/site-packages/lab2/__init__.py to __init__.cpython-310.pyc
byte-compiling /lab2/ros_ws/install/lab2/lib/python3.10/site-packages/lab2/draw_square.py to draw_square.cpython-310.pyc
running install_data
creating /lab2/ros_ws/install/lab2/share/ament_index
creating /lab2/ros_ws/install/lab2/share/ament_index/resource_index
creating /lab2/ros_ws/install/lab2/share/ament_index/resource_index/packages
copying resource/lab2 -> /lab2/ros_ws/install/lab2/share/ament_index/resource_index/packages
copying package.xml -> /lab2/ros_ws/install/lab2/share/lab2
running install_egg_info
Copying ../../build/lab2/lab2.egg-info to /lab2/ros_ws/install/lab2/lib/python3.10/site-packages/lab2-0.0.0-py3.10.egg-info
running install_scripts
Installing draw_square script to /lab2/ros_ws/install/lab2/lib/lab2
writing list of installed files to '/lab2/ros_ws/build/lab2/install.log'
